app/build/intermediates/manifest_merge_blame_file/release/manifest-merger-blame-release-report.txt
1<?xml version="1.0" encoding="utf-8"?>
2<manifest xmlns:android="http://schemas.android.com/apk/res/android"
3    package="jpconstructionlpp.com"
4    android:versionCode="6"
5    android:versionName="6.0" >
6
7    <uses-sdk
8        android:minSdkVersion="16"
8-->src\main\AndroidManifest.xml
9        android:targetSdkVersion="29" />
9-->src\main\AndroidManifest.xml
10
11    <uses-permission android:name="android.permission.ACCESS_COARSE_LOCATION" />
11-->src\main\AndroidManifest.xml:6:5-81
11-->src\main\AndroidManifest.xml:6:22-78
12    <uses-permission android:name="android.permission.INTERNET" />
12-->src\main\AndroidManifest.xml:7:5-67
12-->src\main\AndroidManifest.xml:7:22-64
13    <uses-permission android:name="android.permission.ACCESS_NETWORK_STATE" />
13-->src\main\AndroidManifest.xml:8:5-79
13-->src\main\AndroidManifest.xml:8:22-76
14    <uses-permission android:name="android.permission.ACCESS_FINE_LOCATION" />
14-->src\main\AndroidManifest.xml:9:5-79
14-->src\main\AndroidManifest.xml:9:22-76
15    <uses-permission android:name="android.permission.READ_EXTERNAL_STORAGE" />
15-->src\main\AndroidManifest.xml:10:5-80
15-->src\main\AndroidManifest.xml:10:22-77
16    <uses-permission android:name="android.permission.WRITE_EXTERNAL_STORAGE" />
16-->src\main\AndroidManifest.xml:11:5-81
16-->src\main\AndroidManifest.xml:11:22-78
17
18    <uses-feature android:name="android.hardware.location.gps" />
18-->src\main\AndroidManifest.xml:12:5-66
18-->src\main\AndroidManifest.xml:12:19-63
19
20    <application
20-->src\main\AndroidManifest.xml:18:5-55:19
21        android:name="jpconstructionlpp.com.model.RajApplication"
21-->src\main\AndroidManifest.xml:19:9-45
22        android:allowBackup="true"
22-->src\main\AndroidManifest.xml:20:9-35
23        android:appComponentFactory="androidx.core.app.CoreComponentFactory"
23-->[androidx.core:core:1.1.0] AndroidManifest.xml:24:18-86
24        android:icon="@drawable/ic_launcher"
24-->src\main\AndroidManifest.xml:21:9-45
25        android:label="@string/app_name"
25-->src\main\AndroidManifest.xml:22:9-41
26        android:roundIcon="@drawable/ic_launcher_round"
26-->src\main\AndroidManifest.xml:23:9-56
27        android:supportsRtl="true"
27-->src\main\AndroidManifest.xml:24:9-35
28        android:theme="@style/AppTheme"
28-->src\main\AndroidManifest.xml:25:9-40
29        android:usesCleartextTraffic="true" >
29-->src\main\AndroidManifest.xml:26:9-44
30        <activity
30-->src\main\AndroidManifest.xml:28:9-29:51
31            android:name="jpconstructionlpp.com.Login"
31-->src\main\AndroidManifest.xml:28:19-40
32            android:screenOrientation="portrait" />
32-->src\main\AndroidManifest.xml:29:13-49
33        <activity
33-->src\main\AndroidManifest.xml:31:9-34:51
34            android:name="jpconstructionlpp.com.customer.Customer"
34-->src\main\AndroidManifest.xml:32:13-46
35            android:label="@string/title_activity_customer"
35-->src\main\AndroidManifest.xml:33:13-60
36            android:screenOrientation="portrait" />
36-->src\main\AndroidManifest.xml:34:13-49
37        <activity
37-->src\main\AndroidManifest.xml:36:9-39:52
38            android:name="jpconstructionlpp.com.supervisor.Supervisor"
38-->src\main\AndroidManifest.xml:37:13-50
39            android:label="@string/title_activity_sale"
39-->src\main\AndroidManifest.xml:38:13-56
40            android:screenOrientation="portrait" />
40-->src\main\AndroidManifest.xml:39:13-49
41        <activity
41-->src\main\AndroidManifest.xml:41:9-44:51
42            android:name="jpconstructionlpp.com.Sales"
42-->src\main\AndroidManifest.xml:42:13-34
43            android:label="@string/title_activity_shops"
43-->src\main\AndroidManifest.xml:43:13-57
44            android:screenOrientation="portrait" />
44-->src\main\AndroidManifest.xml:44:13-49
45        <activity
45-->src\main\AndroidManifest.xml:46:9-54:20
46            android:name="jpconstructionlpp.com.Splashscreen"
46-->src\main\AndroidManifest.xml:47:13-41
47            android:screenOrientation="portrait" >
47-->src\main\AndroidManifest.xml:48:13-49
48            <intent-filter>
48-->src\main\AndroidManifest.xml:49:13-53:29
49                <action android:name="android.intent.action.MAIN" />
49-->src\main\AndroidManifest.xml:50:17-69
49-->src\main\AndroidManifest.xml:50:25-66
50
51                <category android:name="android.intent.category.LAUNCHER" />
51-->src\main\AndroidManifest.xml:52:17-77
51-->src\main\AndroidManifest.xml:52:27-74
52            </intent-filter>
53        </activity>
54
55        <provider
55-->[androidx.lifecycle:lifecycle-process:2.1.0] AndroidManifest.xml:23:9-27:43
56            android:name="androidx.lifecycle.ProcessLifecycleOwnerInitializer"
56-->[androidx.lifecycle:lifecycle-process:2.1.0] AndroidManifest.xml:24:13-79
57            android:authorities="jpconstructionlpp.com.lifecycle-process"
57-->[androidx.lifecycle:lifecycle-process:2.1.0] AndroidManifest.xml:25:13-69
58            android:exported="false"
58-->[androidx.lifecycle:lifecycle-process:2.1.0] AndroidManifest.xml:26:13-37
59            android:multiprocess="true" />
59-->[androidx.lifecycle:lifecycle-process:2.1.0] AndroidManifest.xml:27:13-40
60    </application>
61
62</manifest>